This is pdfTeX, Version 3.1415926-2.5-1.40.14 (TeX Live 2013) (format=pdflatex 2014.1.10)  11 MAY 2014 20:32
entering extended mode
 restricted \write18 enabled.
 %&-line parsing enabled.
**report.tex
(./report.tex
LaTeX2e <2011/06/27>
Babel <3.9h> and hyphenation patterns for 78 languages loaded.
(/sb/software/areas/ircm/tools/texlive/texmf-dist/tex/latex/base/article.cls
Document Class: article 2007/10/19 v1.4h Standard LaTeX document class
(/sb/software/areas/ircm/tools/texlive/texmf-dist/tex/latex/base/size12.clo
File: size12.clo 2007/10/19 v1.4h Standard LaTeX file (size option)
)
\c@part=\count79
\c@section=\count80
\c@subsection=\count81
\c@subsubsection=\count82
\c@paragraph=\count83
\c@subparagraph=\count84
\c@figure=\count85
\c@table=\count86
\abovecaptionskip=\skip41
\belowcaptionskip=\skip42
\bibindent=\dimen102
)
(/sb/software/areas/ircm/tools/texlive/texmf-dist/tex/latex/graphics/graphicx.s
ty
Package: graphicx 1999/02/16 v1.0f Enhanced LaTeX Graphics (DPC,SPQR)

(/sb/software/areas/ircm/tools/texlive/texmf-dist/tex/latex/graphics/keyval.sty
Package: keyval 1999/03/16 v1.13 key=value parser (DPC)
\KV@toks@=\toks14
)
(/sb/software/areas/ircm/tools/texlive/texmf-dist/tex/latex/graphics/graphics.s
ty
Package: graphics 2009/02/05 v1.0o Standard LaTeX Graphics (DPC,SPQR)

(/sb/software/areas/ircm/tools/texlive/texmf-dist/tex/latex/graphics/trig.sty
Package: trig 1999/03/16 v1.09 sin cos tan (DPC)
)
(/sb/software/areas/ircm/tools/texlive/texmf-dist/tex/latex/latexconfig/graphic
s.cfg
File: graphics.cfg 2010/04/23 v1.9 graphics configuration of TeX Live
)
Package graphics Info: Driver file: pdftex.def on input line 91.

(/sb/software/areas/ircm/tools/texlive/texmf-dist/tex/latex/pdftex-def/pdftex.d
ef
File: pdftex.def 2011/05/27 v0.06d Graphics/color for pdfTeX

(/sb/software/areas/ircm/tools/texlive/texmf-dist/tex/generic/oberdiek/infwarer
r.sty
Package: infwarerr 2010/04/08 v1.3 Providing info/warning/error messages (HO)
)
(/sb/software/areas/ircm/tools/texlive/texmf-dist/tex/generic/oberdiek/ltxcmds.
sty
Package: ltxcmds 2011/11/09 v1.22 LaTeX kernel commands for general use (HO)
)
\Gread@gobject=\count87
))
\Gin@req@height=\dimen103
\Gin@req@width=\dimen104
)
(/sb/software/areas/ircm/tools/texlive/texmf-dist/tex/latex/appendix/appendix.s
ty
Package: appendix 2009/09/02 v1.2b extra appendix facilities
\c@@pps=\count88
\c@@ppsavesec=\count89
\c@@ppsaveapp=\count90
)
(/sb/software/areas/ircm/tools/texlive/texmf-dist/tex/latex/hyperref/hyperref.s
ty
Package: hyperref 2012/11/06 v6.83m Hypertext links for LaTeX

(/sb/software/areas/ircm/tools/texlive/texmf-dist/tex/generic/oberdiek/hobsub-h
yperref.sty
Package: hobsub-hyperref 2012/05/28 v1.13 Bundle oberdiek, subset hyperref (HO)


(/sb/software/areas/ircm/tools/texlive/texmf-dist/tex/generic/oberdiek/hobsub-g
eneric.sty
Package: hobsub-generic 2012/05/28 v1.13 Bundle oberdiek, subset generic (HO)
Package: hobsub 2012/05/28 v1.13 Construct package bundles (HO)
Package hobsub Info: Skipping package `infwarerr' (already loaded).
Package hobsub Info: Skipping package `ltxcmds' (already loaded).
Package: ifluatex 2010/03/01 v1.3 Provides the ifluatex switch (HO)
Package ifluatex Info: LuaTeX not detected.
Package: ifvtex 2010/03/01 v1.5 Detect VTeX and its facilities (HO)
Package ifvtex Info: VTeX not detected.
Package: intcalc 2007/09/27 v1.1 Expandable calculations with integers (HO)
Package: ifpdf 2011/01/30 v2.3 Provides the ifpdf switch (HO)
Package ifpdf Info: pdfTeX in PDF mode is detected.
Package: etexcmds 2011/02/16 v1.5 Avoid name clashes with e-TeX commands (HO)
Package etexcmds Info: Could not find \expanded.
(etexcmds)             That can mean that you are not using pdfTeX 1.50 or
(etexcmds)             that some package has redefined \expanded.
(etexcmds)             In the latter case, load this package earlier.
Package: kvsetkeys 2012/04/25 v1.16 Key value parser (HO)
Package: kvdefinekeys 2011/04/07 v1.3 Define keys (HO)
Package: pdftexcmds 2011/11/29 v0.20 Utility functions of pdfTeX for LuaTeX (HO
)
Package pdftexcmds Info: LuaTeX not detected.
Package pdftexcmds Info: \pdf@primitive is available.
Package pdftexcmds Info: \pdf@ifprimitive is available.
Package pdftexcmds Info: \pdfdraftmode found.
Package: pdfescape 2011/11/25 v1.13 Implements pdfTeX's escape features (HO)
Package: bigintcalc 2012/04/08 v1.3 Expandable calculations on big integers (HO
)
Package: bitset 2011/01/30 v1.1 Handle bit-vector datatype (HO)
Package: uniquecounter 2011/01/30 v1.2 Provide unlimited unique counter (HO)
)
Package hobsub Info: Skipping package `hobsub' (already loaded).
Package: letltxmacro 2010/09/02 v1.4 Let assignment for LaTeX macros (HO)
Package: hopatch 2012/05/28 v1.2 Wrapper for package hooks (HO)
Package: xcolor-patch 2011/01/30 xcolor patch
Package: atveryend 2011/06/30 v1.8 Hooks at the very end of document (HO)
Package atveryend Info: \enddocument detected (standard20110627).
Package: atbegshi 2011/10/05 v1.16 At begin shipout hook (HO)
Package: refcount 2011/10/16 v3.4 Data extraction from label references (HO)
Package: hycolor 2011/01/30 v1.7 Color options for hyperref/bookmark (HO)
)
(/sb/software/areas/ircm/tools/texlive/texmf-dist/tex/generic/ifxetex/ifxetex.s
ty
Package: ifxetex 2010/09/12 v0.6 Provides ifxetex conditional
)
(/sb/software/areas/ircm/tools/texlive/texmf-dist/tex/latex/oberdiek/auxhook.st
y
Package: auxhook 2011/03/04 v1.3 Hooks for auxiliary files (HO)
)
(/sb/software/areas/ircm/tools/texlive/texmf-dist/tex/latex/oberdiek/kvoptions.
sty
Package: kvoptions 2011/06/30 v3.11 Key value format for package options (HO)
)
\@linkdim=\dimen105
\Hy@linkcounter=\count91
\Hy@pagecounter=\count92

(/sb/software/areas/ircm/tools/texlive/texmf-dist/tex/latex/hyperref/pd1enc.def
File: pd1enc.def 2012/11/06 v6.83m Hyperref: PDFDocEncoding definition (HO)
)
\Hy@SavedSpaceFactor=\count93

(/sb/software/areas/ircm/tools/texlive/texmf-dist/tex/latex/latexconfig/hyperre
f.cfg
File: hyperref.cfg 2002/06/06 v1.2 hyperref configuration of TeXLive
)
Package hyperref Info: Hyper figures OFF on input line 4443.
Package hyperref Info: Link nesting OFF on input line 4448.
Package hyperref Info: Hyper index ON on input line 4451.
Package hyperref Info: Plain pages OFF on input line 4458.
Package hyperref Info: Backreferencing OFF on input line 4463.
Package hyperref Info: Implicit mode ON; LaTeX internals redefined.
Package hyperref Info: Bookmarks ON on input line 4688.
\c@Hy@tempcnt=\count94
 (/sb/software/areas/ircm/tools/texlive/texmf-dist/tex/latex/url/url.sty
\Urlmuskip=\muskip10
Package: url 2013/09/16  ver 3.4  Verb mode for urls, etc.
)
LaTeX Info: Redefining \url on input line 5041.
\XeTeXLinkMargin=\dimen106
\Fld@menulength=\count95
\Field@Width=\dimen107
\Fld@charsize=\dimen108
Package hyperref Info: Hyper figures OFF on input line 6295.
Package hyperref Info: Link nesting OFF on input line 6300.
Package hyperref Info: Hyper index ON on input line 6303.
Package hyperref Info: backreferencing OFF on input line 6310.
Package hyperref Info: Link coloring OFF on input line 6315.
Package hyperref Info: Link coloring with OCG OFF on input line 6320.
Package hyperref Info: PDF/A mode OFF on input line 6325.
LaTeX Info: Redefining \ref on input line 6365.
LaTeX Info: Redefining \pageref on input line 6369.
\Hy@abspage=\count96
\c@Item=\count97
\c@Hfootnote=\count98
)

Package hyperref Message: Driver (autodetected): hpdftex.


(/sb/software/areas/ircm/tools/texlive/texmf-dist/tex/latex/hyperref/hpdftex.de
f
File: hpdftex.def 2012/11/06 v6.83m Hyperref driver for pdfTeX
\Fld@listcount=\count99
\c@bookmark@seq@number=\count100

(/sb/software/areas/ircm/tools/texlive/texmf-dist/tex/latex/oberdiek/rerunfilec
heck.sty
Package: rerunfilecheck 2011/04/15 v1.7 Rerun checks for auxiliary files (HO)
Package uniquecounter Info: New unique counter `rerunfilecheck' on input line 2
82.
)
\Hy@SectionHShift=\skip43
)
(/sb/software/areas/ircm/tools/texlive/texmf-dist/tex/latex/datatool/datatool.s
ty
Package: datatool 2013/09/06 v2.18 (NLCT)

(/sb/software/areas/ircm/tools/texlive/texmf-dist/tex/latex/xkeyval/xkeyval.sty
Package: xkeyval 2012/10/14 v2.6b package option processing (HA)

(/sb/software/areas/ircm/tools/texlive/texmf-dist/tex/generic/xkeyval/xkeyval.t
ex
\XKV@toks=\toks15
\XKV@tempa@toks=\toks16
\XKV@depth=\count101
File: xkeyval.tex 2012/10/14 v2.6b key=value parser (HA)
))
(/sb/software/areas/ircm/tools/texlive/texmf-dist/tex/latex/base/ifthen.sty
Package: ifthen 2001/05/26 v1.1c Standard LaTeX ifthen package (DPC)
)
(/sb/software/areas/ircm/tools/texlive/texmf-dist/tex/latex/xfor/xfor.sty
Package: xfor 2009/02/05 v1.05 (NLCT)
)
(/sb/software/areas/ircm/tools/texlive/texmf-dist/tex/latex/substr/substr.sty
Package: substr 2009/10/20 v1.2 Handle substrings
\c@su@anzahl=\count102
)
(/sb/software/areas/ircm/tools/texlive/texmf-dist/tex/latex/etoolbox/etoolbox.s
ty
Package: etoolbox 2011/01/03 v2.1 e-TeX tools for LaTeX

(/sb/software/areas/ircm/tools/texlive/texmf-dist/tex/latex/etex-pkg/etex.sty
Package: etex 1998/03/26 v2.0 eTeX basic definition package (PEB)
\et@xins=\count103
)
\etb@tempcnta=\count104
)
(/sb/software/areas/ircm/tools/texlive/texmf-dist/tex/latex/datatool/datatool-b
ase.sty
Package: datatool-base 2013/09/06 v2.18 (NLCT)

(/sb/software/areas/ircm/tools/texlive/texmf-dist/tex/latex/amsmath/amsmath.sty
Package: amsmath 2013/01/14 v2.14 AMS math features
\@mathmargin=\skip44
For additional information on amsmath, use the `?' option.

(/sb/software/areas/ircm/tools/texlive/texmf-dist/tex/latex/amsmath/amstext.sty
Package: amstext 2000/06/29 v2.01
(/sb/software/areas/ircm/tools/texlive/texmf-dist/tex/latex/amsmath/amsgen.sty
File: amsgen.sty 1999/11/30 v2.0
\@emptytoks=\toks17
\ex@=\dimen109
))
(/sb/software/areas/ircm/tools/texlive/texmf-dist/tex/latex/amsmath/amsbsy.sty
Package: amsbsy 1999/11/29 v1.2d
\pmbraise@=\dimen110
) (/sb/software/areas/ircm/tools/texlive/texmf-dist/tex/latex/amsmath/amsopn.st
y
Package: amsopn 1999/12/14 v2.01 operator names
)
\inf@bad=\count105
LaTeX Info: Redefining \frac on input line 210.
\uproot@=\count106
\leftroot@=\count107
LaTeX Info: Redefining \overline on input line 306.
\classnum@=\count108
\DOTSCASE@=\count109
LaTeX Info: Redefining \ldots on input line 378.
LaTeX Info: Redefining \dots on input line 381.
LaTeX Info: Redefining \cdots on input line 466.
\Mathstrutbox@=\box26
\strutbox@=\box27
\big@size=\dimen111
LaTeX Font Info:    Redeclaring font encoding OML on input line 566.
LaTeX Font Info:    Redeclaring font encoding OMS on input line 567.
\macc@depth=\count110
\c@MaxMatrixCols=\count111
\dotsspace@=\muskip11
\c@parentequation=\count112
\dspbrk@lvl=\count113
\tag@help=\toks18
\row@=\count114
\column@=\count115
\maxfields@=\count116
\andhelp@=\toks19
\eqnshift@=\dimen112
\alignsep@=\dimen113
\tagshift@=\dimen114
\tagwidth@=\dimen115
\totwidth@=\dimen116
\lineht@=\dimen117
\@envbody=\toks20
\multlinegap=\skip45
\multlinetaggap=\skip46
\mathdisplay@stack=\toks21
LaTeX Info: Redefining \[ on input line 2665.
LaTeX Info: Redefining \] on input line 2666.
)
(/sb/software/areas/ircm/tools/texlive/texmf-dist/tex/latex/datatool/datatool-f
p.sty
Package: datatool-fp 2013/08/29 v2.17 (NLCT)
 (/sb/software/areas/ircm/tools/texlive/texmf-dist/tex/latex/fp/fp.sty
Package: fp 1995/04/02

`Fixed Point Package', Version 0.8, April 2, 1995 (C) Michael Mehlich
(/sb/software/areas/ircm/tools/texlive/texmf-dist/tex/latex/fp/defpattern.sty
Package: defpattern 1994/10/12
\actioncount=\count117
)
(/sb/software/areas/ircm/tools/texlive/texmf-dist/tex/latex/fp/fp-basic.sty
Package: fp-basic 1996/05/13
\FP@xs=\count118
\FP@xia=\count119
\FP@xib=\count120
\FP@xfa=\count121
\FP@xfb=\count122
\FP@rega=\count123
\FP@regb=\count124
\FP@regs=\count125
\FP@times=\count126
)
(/sb/software/areas/ircm/tools/texlive/texmf-dist/tex/latex/fp/fp-addons.sty
Package: fp-addons 1995/03/15
)
(/sb/software/areas/ircm/tools/texlive/texmf-dist/tex/latex/fp/fp-snap.sty
Package: fp-snap 1995/04/05
)
(/sb/software/areas/ircm/tools/texlive/texmf-dist/tex/latex/fp/fp-exp.sty
Package: fp-exp 1995/04/03
)
(/sb/software/areas/ircm/tools/texlive/texmf-dist/tex/latex/fp/fp-trigo.sty
Package: fp-trigo 1995/04/14
)
(/sb/software/areas/ircm/tools/texlive/texmf-dist/tex/latex/fp/fp-pas.sty
Package: fp-pas 1994/08/29
)
(/sb/software/areas/ircm/tools/texlive/texmf-dist/tex/latex/fp/fp-random.sty
Package: fp-random 1995/02/23
\FPseed=\count127
)
(/sb/software/areas/ircm/tools/texlive/texmf-dist/tex/latex/fp/fp-eqn.sty
Package: fp-eqn 1995/04/03
)
(/sb/software/areas/ircm/tools/texlive/texmf-dist/tex/latex/fp/fp-upn.sty
Package: fp-upn 1996/10/21
)
(/sb/software/areas/ircm/tools/texlive/texmf-dist/tex/latex/fp/fp-eval.sty
Package: fp-eval 1995/04/03
)))
\@dtl@toks=\toks22
\@dtl@tmpcount=\count128
\dtl@tmplength=\skip47
\dtl@sortresult=\count129
\@dtl@numgrpsepcount=\count130
\@dtl@datatype=\count131
\dtl@codeA=\count132
\dtl@codeB=\count133
\@dtl@foreach@level=\count134
)
\dtlcolumnnum=\count135
\dtlrownum=\count136
\@dtl@before=\toks23
\@dtl@after=\toks24
\@dtl@colhead=\toks25
\dtlcurrentrow=\toks26
\dtlbeforerow=\toks27
\dtlafterrow=\toks28
\dtlforeachlevel=\count137
\c@DTLrowi=\count138
\c@DTLrowii=\count139
\c@DTLrowiii=\count140
\c@DTLrow=\count141
\dtl@rowi=\count142
\dtl@rowii=\count143
\dtl@rowiii=\count144
\@dtl@curi=\toks29
\@dtl@previ=\toks30
\@dtl@nexti=\toks31
\@dtl@curii=\toks32
\@dtl@previi=\toks33
\@dtl@nextii=\toks34
\@dtl@curiii=\toks35
\@dtl@previii=\toks36
\@dtl@nextiii=\toks37
\@dtl@elements=\count145
\@dtl@list=\toks38
\@dtl@rowa=\toks39
\@dtl@rowb=\toks40
\@dtl@toksA=\toks41
\@dtl@toksB=\toks42
\@dtl@write=\write3
\@dtl@read=\read1
\dtl@entrycr=\count146
\dtl@omitlines=\count147
)
(/sb/software/areas/ircm/tools/texlive/texmf-dist/tex/latex/booktabs/booktabs.s
ty
Package: booktabs 2005/04/14 v1.61803 publication quality tables
\heavyrulewidth=\dimen118
\lightrulewidth=\dimen119
\cmidrulewidth=\dimen120
\belowrulesep=\dimen121
\belowbottomsep=\dimen122
\aboverulesep=\dimen123
\abovetopsep=\dimen124
\cmidrulesep=\dimen125
\cmidrulekern=\dimen126
\defaultaddspace=\dimen127
\@cmidla=\count148
\@cmidlb=\count149
\@aboverulesep=\dimen128
\@belowrulesep=\dimen129
\@thisruleclass=\count150
\@lastruleclass=\count151
\@thisrulewidth=\dimen130
)
(/sb/software/areas/ircm/tools/texlive/texmf-dist/tex/latex/oberdiek/pdflscape.
sty
Package: pdflscape 2008/08/11 v0.10 Display of landscape pages in PDF (HO)

(/sb/software/areas/ircm/tools/texlive/texmf-dist/tex/latex/graphics/lscape.sty
Package: lscape 2000/10/22 v3.01 Landscape Pages (DPC)
)
Package pdflscape Info: Auto-detected driver: pdftex on input line 80.
) (./report.aux)
\openout1 = `report.aux'.

LaTeX Font Info:    Checking defaults for OML/cmm/m/it on input line 13.
LaTeX Font Info:    ... okay on input line 13.
LaTeX Font Info:    Checking defaults for T1/cmr/m/n on input line 13.
LaTeX Font Info:    ... okay on input line 13.
LaTeX Font Info:    Checking defaults for OT1/cmr/m/n on input line 13.
LaTeX Font Info:    ... okay on input line 13.
LaTeX Font Info:    Checking defaults for OMS/cmsy/m/n on input line 13.
LaTeX Font Info:    ... okay on input line 13.
LaTeX Font Info:    Checking defaults for OMX/cmex/m/n on input line 13.
LaTeX Font Info:    ... okay on input line 13.
LaTeX Font Info:    Checking defaults for U/cmr/m/n on input line 13.
LaTeX Font Info:    ... okay on input line 13.
LaTeX Font Info:    Checking defaults for PD1/pdf/m/n on input line 13.
LaTeX Font Info:    ... okay on input line 13.

(/sb/software/areas/ircm/tools/texlive/texmf-dist/tex/context/base/supp-pdf.mki
i
[Loading MPS to PDF converter (version 2006.09.02).]
\scratchcounter=\count152
\scratchdimen=\dimen131
\scratchbox=\box28
\nofMPsegments=\count153
\nofMParguments=\count154
\everyMPshowfont=\toks43
\MPscratchCnt=\count155
\MPscratchDim=\dimen132
\MPnumerator=\count156
\makeMPintoPDFobject=\count157
\everyMPtoPDFconversion=\toks44
)
(/sb/software/areas/ircm/tools/texlive/texmf-dist/tex/latex/oberdiek/epstopdf-b
ase.sty
Package: epstopdf-base 2010/02/09 v2.5 Base part for package epstopdf

(/sb/software/areas/ircm/tools/texlive/texmf-dist/tex/latex/oberdiek/grfext.sty
Package: grfext 2010/08/19 v1.1 Manage graphics extensions (HO)
)
Package grfext Info: Graphics extension search list:
(grfext)             [.png,.pdf,.jpg,.mps,.jpeg,.jbig2,.jb2,.PNG,.PDF,.JPG,.JPE
G,.JBIG2,.JB2,.eps]
(grfext)             \AppendGraphicsExtensions on input line 452.

(/sb/software/areas/ircm/tools/texlive/texmf-dist/tex/latex/latexconfig/epstopd
f-sys.cfg
File: epstopdf-sys.cfg 2010/07/13 v1.3 Configuration of (r)epstopdf for TeX Liv
e
))
\AtBeginShipoutBox=\box29
Package hyperref Info: Link coloring OFF on input line 13.

(/sb/software/areas/ircm/tools/texlive/texmf-dist/tex/latex/hyperref/nameref.st
y
Package: nameref 2012/10/27 v2.43 Cross-referencing by name of section

(/sb/software/areas/ircm/tools/texlive/texmf-dist/tex/generic/oberdiek/gettitle
string.sty
Package: gettitlestring 2010/12/03 v1.4 Cleanup title references (HO)
)
\c@section@level=\count158
)
LaTeX Info: Redefining \ref on input line 13.
LaTeX Info: Redefining \pageref on input line 13.
LaTeX Info: Redefining \nameref on input line 13.
 (./report.out) (./report.out)
\@outlinefile=\write4
\openout4 = `report.out'.

 [1

{/sb/software/areas/ircm/tools/texlive/texmf-var/fonts/map/pdftex/updmap/pdftex
.map}] (./report.toc)
\tf@toc=\write5
\openout5 = `report.toc'.

 [2] [3]
\dtldb@db=\toks45
\dtlkeys@db=\toks46
\dtlrows@db=\count159
\dtlcols@db=\count160

Overfull \hbox (90.58333pt too wide) in paragraph at lines 37--38
 [][] 
 []

[4

]
Overfull \hbox (6.98413pt too wide) in paragraph at lines 45--47
\OT1/cmr/m/n/12 soft-ware IGV ([]$\OT1/cmtt/m/n/12 http : / / www . broadinstit
ute . org / software / igv / download$[]\OT1/cmr/m/n/12 ).
 []

[5

] [6]
LaTeX Font Info:    Try loading font information for OMS+cmr on input line 84.

(/sb/software/areas/ircm/tools/texlive/texmf-dist/tex/latex/base/omscmr.fd
File: omscmr.fd 1999/05/25 v2.5h Standard LaTeX font definitions
)
LaTeX Font Info:    Font shape `OMS/cmr/m/n' in size <12> not available
(Font)              Font shape `OMS/cmsy/m/n' tried instead on input line 84.

[7

] (./report.bbl)
Package atveryend Info: Empty hook `BeforeClearDocument' on input line 93.
 [8

]
Package atveryend Info: Empty hook `AfterLastShipout' on input line 93.
 (./report.aux)
Package atveryend Info: Executing hook `AtVeryEndDocument' on input line 93.
Package atveryend Info: Executing hook `AtEndAfterFileList' on input line 93.


Package rerunfilecheck Warning: File `report.out' has changed.
(rerunfilecheck)                Rerun to get outlines right
(rerunfilecheck)                or use package `bookmark'.

Package rerunfilecheck Info: Checksums for `report.out':
(rerunfilecheck)             Before: D764F5C0D03274DD5DEA016C0AE0A331;632
(rerunfilecheck)             After:  E6767890B106959D2D42C4FB2EA2221D;663.
Package atveryend Info: Empty hook `AtVeryVeryEnd' on input line 93.
 ) 
Here is how much of TeX's memory you used:
 8135 strings out of 493308
 116683 string characters out of 6131606
 240427 words of memory out of 5000000
 11428 multiletter control sequences out of 15000+600000
 11055 words of font info for 40 fonts, out of 8000000 for 9000
 957 hyphenation exceptions out of 8191
 46i,9n,35p,930b,353s stack positions out of 5000i,500n,10000p,200000b,80000s
</sb/software/areas/ircm/tools/texlive/texmf-dist/fonts/type1/public/amsfonts
/cm/cmbx12.pfb></sb/software/areas/ircm/tools/texlive/texmf-dist/fonts/type1/pu
blic/amsfonts/cm/cmr12.pfb></sb/software/areas/ircm/tools/texlive/texmf-dist/fo
nts/type1/public/amsfonts/cm/cmr17.pfb></sb/software/areas/ircm/tools/texlive/t
exmf-dist/fonts/type1/public/amsfonts/cm/cmsy10.pfb></sb/software/areas/ircm/to
ols/texlive/texmf-dist/fonts/type1/public/amsfonts/cm/cmti12.pfb></sb/software/
areas/ircm/tools/texlive/texmf-dist/fonts/type1/public/amsfonts/cm/cmtt12.pfb>
Output written on report.pdf (8 pages, 87973 bytes).
PDF statistics:
 160 PDF objects out of 1000 (max. 8388607)
 142 compressed objects within 2 object streams
 37 named destinations out of 1000 (max. 500000)
 97 words of extra memory for PDF output out of 10000 (max. 10000000)

